 #          71           2           3
           0           2           4   2.0000000000000000        4.0000000000000000     
  A      2.0000000000000000        16.000000000000000        12.000000000000000     
  B     2.0000000000000000        0.0000000000000000        4.0000000000000000     
  C     4.0000000000000000        16.000000000000000        16.000000000000000        4.0000000000000000        16.000000000000000     
  D             2           1           3
           1          30          60   16.000000000000000        32.000000000000000     
  A      241.75000000000000        1024.0000000000000        995.50000000000000     
  B     14.250000000000000        0.0000000000000000        28.500000000000000     
  C     256.00000000000000        1024.0000000000000        1024.0000000000000        256.00000000000000        1024.0000000000000     
  D             2           1           3
           2          58         116   54.000000000000000        108.00000000000000     
  A      2865.0000000000000        11664.000000000000        11562.000000000000     
  B     51.000000000000000        0.0000000000000000        102.00000000000000     
  C     2916.0000000000000        11664.000000000000        11664.000000000000        2916.0000000000000        11664.000000000000     
  D             2           1           3
           3         134         268   128.00000000000000        256.00000000000000     
  A      16259.750000000000        65536.000000000000        65287.500000000000     
  B     124.25000000000000        0.0000000000000000        248.50000000000000     
  C     16384.000000000000        65536.000000000000        65536.000000000000        16384.000000000000        65536.000000000000     
  D             2           1           3
           4         250         500   250.00000000000000        500.00000000000000     
  A      62250.000000000000        250000.00000000000        249500.00000000000     
  B     250.00000000000000        0.0000000000000000        500.00000000000000     
  C     62500.000000000000        250000.00000000000        250000.00000000000        62500.000000000000        250000.00000000000     
  D             2           1           3
           5         446         892   432.00000000000000        864.00000000000000     
  A      186199.87500000000        746496.00000000000        745647.75000000000     
  B     424.12500000000000        0.0000000000000000        848.25000000000000     
  C     186624.00000000000        746496.00000000000        746496.00000000000        186624.00000000000        746496.00000000000     
  D             2           1           3
           6         686        1372   686.00000000000000        1372.0000000000000     
  A      469910.00000000000        1882384.0000000000        1881012.0000000000     
  B     686.00000000000000        0.0000000000000000        1372.0000000000000     
  C     470596.00000000000        1882384.0000000000        1882384.0000000000        470596.00000000000        1882384.0000000000     
  D             2           1           3
           7        1026        2052   1024.0000000000000        2048.0000000000000     
  A      1047553.7500000000        4194304.0000000000        4192259.5000000000     
  B     1022.2500000000000        0.0000000000000000        2044.5000000000000     
  C     1048576.0000000000        4194304.0000000000        4194304.0000000000        1048576.0000000000        4194304.0000000000     
  D             2           1           3
           8        1478        2956   1458.0000000000000        2916.0000000000000     
  A      2124313.5000000000        8503056.0000000000        8500155.0000000000     
  B     1450.5000000000000        0.0000000000000000        2901.0000000000000     
  C     2125764.0000000000        8503056.0000000000        8503056.0000000000        2125764.0000000000        8503056.0000000000     
  D             2           1           3
           9        2002        4004   2000.0000000000000        4000.0000000000000     
  A      3998001.7500000000        16000000.000000000        15996003.500000000     
  B     1998.2500000000000        0.0000000000000000        3996.5000000000000     
  C     4000000.0000000000        16000000.000000000        16000000.000000000        4000000.0000000000        16000000.000000000     
  D             2           1           3
          10        2702        5404   2662.0000000000000        5324.0000000000000     
  A      7083588.6666666865        28344976.000000264        28339665.333333574     
  B     2655.3333333333335        0.0000000000000000        5310.6666666666670     
  C     7086244.0000000196        28344976.000000264        28344976.000000242        7086244.0000000000        28344976.000000000     
  D             2           1           3
          11        3462        6924   3456.0000000000000        6912.0000000000000     
  A      11940484.875000000        47775744.000000000        47768841.750000000     
  B     3451.1250000000000        0.0000000000000000        6902.2500000000000     
  C     11943936.000000000        47775744.000000000        47775744.000000000        11943936.000000000        47775744.000000000     
  D             2           1           3
          12        4394        8788   4394.0000000000000        8788.0000000000000     
  A      19302842.000000000        77228944.000000000        77220156.000000000     
  B     4394.0000000000000        0.0000000000000000        8788.0000000000000     
  C     19307236.000000000        77228944.000000000        77228944.000000000        19307236.000000000        77228944.000000000     
  D             2           1           3
          13        5502       11004   5488.0000000000000        10976.000000000000     
  A      30112663.875000000        120472576.00000000        120461615.75000000     
  B     5480.1250000000000        0.0000000000000000        10960.250000000000     
  C     30118144.000000000        120472576.00000000        120472576.00000000        30118144.000000000        120472576.00000000     
  D             2           1           3
          14        6778       13556   6750.0000000000000        13500.000000000000     
  A      45555761.666666694        182249999.99998626        182236523.33332273     
  B     6738.3333333333330        0.0000000000000000        13476.666666666666     
  C     45562500.000000030        182249999.99998626        182249999.99998939        45562500.000000000        182250000.00000000     
  D             2           1           3
          15        8198       16396   8192.0000000000000        16384.000000000000     
  A      67100675.750000000        268435456.00000000        268419079.50000000     
  B     8188.2500000000000        0.0000000000000000        16376.500000000000     
  C     67108864.000000000        268435456.00000000        268435456.00000000        67108864.000000000        268435456.00000000     
  D             2           1           3
          16        9842       19684   9826.0000000000000        19652.000000000000     
  A      96540458.000000000        386201104.00000000        386181468.00000000     
  B     9818.0000000000000        0.0000000000000000        19636.000000000000     
  C     96550276.000000000        386201104.00000000        386201104.00000000        96550276.000000000        386201104.00000000     
  D             2           1           3
          17       11666       23332   11664.000000000000        23328.000000000000     
  A      136037233.87500000        544195584.00000000        544172259.75000000     
  B     11662.125000000000        0.0000000000000000        23324.250000000000     
  C     136048896.00000000        544195584.00000000        544195584.00000000        136048896.00000000        544195584.00000000     
  D             2           1           3
          18       13750       27500   13718.000000000000        27436.000000000000     
  A      188169816.66666445        752734095.99984252        752706681.33320582     
  B     13707.333333333334        0.0000000000000000        27414.666666666668     
  C     188183523.99999779        752734095.99984252        752734095.99987245        188183524.00000000        752734096.00000000     
  D             2           1           3
          19       16010       32020   16000.000000000000        32000.000000000000     
  A      255984006.87500000        1024000000.0000000        1023968013.7500000     
  B     15993.125000000000        0.0000000000000000        31986.250000000000     
  C     256000000.00000000        1024000000.0000000        1024000000.0000000        256000000.00000000        1024000000.0000000     
  D             2           1           3
          20       18566       37132   18522.000000000000        37044.000000000000     
  A      343045975.75000000        1372257936.0000000        1372220919.5000000     
  B     18508.250000000000        0.0000000000000000        37016.500000000000     
  C     343064484.00000000        1372257936.0000000        1372257936.0000000        343064484.00000000        1372257936.0000000     
  D             2           1           3
          21       21298       42596   21296.000000000000        42592.000000000000     
  A      453498321.87500000        1814078464.0000000        1814035875.7500000     
  B     21294.125000000000        0.0000000000000000        42588.250000000000     
  C     453519616.00000000        1814078464.0000000        1814078464.0000000        453519616.00000000        1814078464.0000000     
  D             2           1           3
          22       24334       48668   24334.000000000000        48668.000000000000     
  A      592119222.00000000        2368574224.0000000        2368525556.0000000     
  B     24334.000000000000        0.0000000000000000        48668.000000000000     
  C     592143556.00000000        2368574224.0000000        2368574224.0000000        592143556.00000000        2368574224.0000000     
  D             2           1           3
          23       27670       55340   27648.000000000000        55296.000000000000     
  A      764384262.87500000        3057647616.0000000        3057592333.7500000     
  B     27641.125000000000        0.0000000000000000        55282.250000000000     
  C     764411904.00000000        3057647616.0000000        3057647616.0000000        764411904.00000000        3057647616.0000000     
  D             2           1           3
          24       31250       62500   31250.000000000000        62500.000000000000     
  A      976531250.00000000        3906250000.0000000        3906187500.0000000     
  B     31250.000000000000        0.0000000000000000        62500.000000000000     
  C     976562500.00000000        3906250000.0000000        3906250000.0000000        976562500.00000000        3906250000.0000000     
  D             2           1           3
          25       35158       70316   35152.000000000000        70304.000000000000     
  A      1235627956.8750000        4942652416.0000000        4942582121.7500000     
  B     35147.125000000000        0.0000000000000000        70294.250000000000     
  C     1235663104.0000000        4942652416.0000000        4942652416.0000000        1235663104.0000000        4942652416.0000000     
  D             2           1           3
          26       39370       78740   39366.000000000000        78732.000000000000     
  A      1549642593.5000000        6198727824.0000000        6198649099.0000000     
  B     39362.500000000000        0.0000000000000000        78725.000000000000     
  C     1549681956.0000000        6198727824.0000000        6198727824.0000000        1549681956.0000000        6198727824.0000000     
  D             2           1           3
          27       43942       87884   43904.000000000000        87808.000000000000     
  A      1927517327.4375000        7710244864.0000000        7710157086.8750000     
  B     43888.562500000000        0.0000000000000000        87777.125000000000     
  C     1927561216.0000000        7710244864.0000000        7710244864.0000000        1927561216.0000000        7710244864.0000000     
  D             2           1           3
          28       48794       97588   48778.000000000000        97556.000000000000     
  A      2379244514.0000000        9517173136.0000000        9517075596.0000000     
  B     48770.000000000000        0.0000000000000000        97540.000000000000     
  C     2379293284.0000000        9517173136.0000000        9517173136.0000000        2379293284.0000000        9517173136.0000000     
  D             2           1           3
          29       54010      108020   54000.000000000000        108000.00000000000     
  A      2915946006.8750000        11664000000.000000        11663892013.750000     
  B     53993.125000000000        0.0000000000000000        107986.25000000000     
  C     2916000000.0000000        11664000000.000000        11664000000.000000        2916000000.0000000        11664000000.000000     
  D             2           1           3
          30       59598      119196   59582.000000000000        119164.00000000000     
  A      3549955154.0000000        14200058896.000000        14199939756.000000     
  B     59570.000000000000        0.0000000000000000        119140.00000000000     
  C     3550014724.0000000        14200058896.000000        14200058896.000000        3550014724.0000000        14200058896.000000     
  D             2           1           3
          31       65538      131076   65536.000000000000        131072.00000000000     
  A      4294901761.9375000        17179869184.000000        17179738115.875000     
  B     65534.062500000000        0.0000000000000000        131068.12500000000     
  C     4294967296.0000000        17179869184.000000        17179869184.000000        4294967296.0000000        17179869184.000000     
  D             2           1           3
          32       71878      143756   71874.000000000000        143748.00000000000     
  A      5165800005.5000000        20663487504.000000        20663343763.000000     
  B     71870.500000000000        0.0000000000000000        143741.00000000000     
  C     5165871876.0000000        20663487504.000000        20663487504.000000        5165871876.0000000        20663487504.000000     
  D             2           1           3
          33       78626      157252   78608.000000000000        157216.00000000000     
  A      6179139068.9375000        24716870656.000000        24716713465.875000     
  B     78595.062500000000        0.0000000000000000        157190.12500000000     
  C     6179217664.0000000        24716870656.000000        24716870656.000000        6179217664.0000000        24716870656.000000     
  D             2           1           3
          34       85790      171580   85750.000000000000        171500.00000000000     
  A      7352976773.3334618        29412250000.005756        29412078546.671429     
  B     85726.666666666672        0.0000000000000000        171453.33333333334     
  C     7353062500.0001287        29412250000.005756        29412250000.004761        7353062500.0000000        29412250000.000000     
  D             2           1           3
          35       93350      186700   93312.000000000000        186624.00000000000     
  A      8707036039.9173241        34828517376.041977        34828330767.867455     
  B     93304.083333333328        0.0000000000000000        186608.16666666666     
  C     8707129344.0006580        34828517376.041977        34828517376.034119        8707129344.0000000        34828517376.000000     
  D             2           1           3
          36      101330      202660   101306.00000000000        202612.00000000000     
  A      10262804336.000000        41051622544.000000        41051419944.000000     
  B     101300.00000000000        0.0000000000000000        202600.00000000000     
  C     10262905636.000000        41051622544.000000        41051622544.000000        10262905636.000000        41051622544.000000     
  D             2           1           3
          37      109758      219516   109744.00000000000        219488.00000000000     
  A      12043635799.875000        48174982144.000000        48174762671.750000     
  B     109736.12500000000        0.0000000000000000        219472.25000000000     
  C     12043745536.000000        48174982144.000000        48174982144.000000        12043745536.000000        48174982144.000000     
  D             2           1           3
          38      118658      237316   118638.00000000000        237276.00000000000     
  A      14074856419.750000        56299900176.000000        56299662927.500000     
  B     118624.25000000000        0.0000000000000000        237248.50000000000     
  C     14074975044.000000        56299900176.000000        56299900176.000000        14074975044.000000        56299900176.000000     
  D             2           1           3
          39      128038      256076   128000.00000000000        256000.00000000000     
  A      16383872007.916506        65535999999.991760        65535744015.826485     
  B     127992.08333333333        0.0000000000000000        255984.16666666666     
  C     16383999999.999840        65535999999.991760        65535999999.993149        16384000000.000000        65536000000.000000     
  D             2           1           3
          40      137850      275700   137842.00000000000        275684.00000000000     
  A      19000279128.000000        76001667856.000000        76001392184.000000     
  B     137836.00000000000        0.0000000000000000        275672.00000000000     
  C     19000416964.000000        76001667856.000000        76001667856.000000        19000416964.000000        76001667856.000000     
  D             2           1           3
          41      148178      296356   148176.00000000000        296352.00000000000     
  A      21955978801.937500        87824507904.000000        87824211555.875000     
  B     148174.06250000000        0.0000000000000000        296348.12500000000     
  C     21956126976.000000        87824507904.000000        87824507904.000000        21956126976.000000        87824507904.000000     
  D             2           1           3
          42      159014      318028   159014.00000000000        318028.00000000000     
  A      25285293182.000000        101141808784.00000        101141490756.00000     
  B     159014.00000000000        0.0000000000000000        318028.00000000000     
  C     25285452196.000000        101141808784.00000        101141808784.00000        25285452196.000000        101141808784.00000     
  D             2           1           3
          43      170394      340788   170368.00000000000        340736.00000000000     
  A      29025085060.875000        116101021696.00000        116100680969.75000     
  B     170363.12500000000        0.0000000000000000        340726.25000000000     
  C     29025255424.000000        116101021696.00000        116101021696.00000        29025255424.000000        116101021696.00000     
  D             2           1           3
          44      182270      364540   182250.00000000000        364500.00000000000     
  A      33214880263.750000        132860250000.00000        132859885527.50000     
  B     182236.25000000000        0.0000000000000000        364472.50000000000     
  C     33215062500.000000        132860250000.00000        132860250000.00000        33215062500.000000        132860250000.00000     
  D             2           1           3
          45      194674      389348   194672.00000000000        389344.00000000000     
  A      37896992913.875000        151588750336.00000        151588360995.75000     
  B     194670.12500000000        0.0000000000000000        389340.25000000000     
  C     37897187584.000000        151588750336.00000        151588750336.00000        37897187584.000000        151588750336.00000     
  D             2           1           3
          46      207646      415292   207646.00000000000        415292.00000000000     
  A      43116653670.000000        172467445264.00000        172467029972.00000     
  B     207646.00000000000        0.0000000000000000        415292.00000000000     
  C     43116861316.000000        172467445264.00000        172467445264.00000        43116861316.000000        172467445264.00000     
  D             2           1           3
          47      221206      442412   221184.00000000000        442368.00000000000     
  A      48922140678.875000        195689447424.00000        195689005069.75000     
  B     221177.12500000000        0.0000000000000000        442354.25000000000     
  C     48922361856.000000        195689447424.00000        195689447424.00000        48922361856.000000        195689447424.00000     
  D             2           1           3
          48      235330      470660   235298.00000000000        470596.00000000000     
  A      55364913522.000000        221460595216.00000        221460124652.00000     
  B     235282.00000000000        0.0000000000000000        470564.00000000000     
  C     55365148804.000000        221460595216.00000        221460595216.00000        55365148804.000000        221460595216.00000     
  D             2           1           3
          49      250022      500044   250000.00000000000        500000.00000000000     
  A      62499750014.437500        250000000000.00000        249999500028.87500     
  B     249985.56250000000        0.0000000000000000        499971.12500000000     
  C     62500000000.000000        250000000000.00000        250000000000.00000        62500000000.000000        250000000000.00000     
  D             2           1           3
          50      265322      530644   265302.00000000000        530604.00000000000     
  A      70384885913.652100        281540604815.07581        281540074234.58240     
  B     265290.33333333331        0.0000000000000000        530580.66666666663     
  C     70385151203.985428        281540604815.07581        281540604815.24908        70385151204.000000        281540604816.00000     
  D             2           1           3
          51      281246      562492   281216.00000000000        562432.00000000000     
  A      79082157441.875000        316329754624.00000        316329192195.75000     
  B     281214.12500000000        0.0000000000000000        562428.25000000000     
  C     79082438656.000000        316329754624.00000        316329754624.00000        79082438656.000000        316329754624.00000     
  D             2           1           3
          52      297778      595556   297754.00000000000        595508.00000000000     
  A      88657146768.000000        354629778064.00000        354629182568.00000     
  B     297748.00000000000        0.0000000000000000        595496.00000000000     
  C     88657444516.000000        354629778064.00000        354629778064.00000        88657444516.000000        354629778064.00000     
  D             2           1           3
          53      314946      629892   314928.00000000000        629856.00000000000     
  A      99179330263.875000        396718580736.00000        396717950895.75000     
  B     314920.12500000000        0.0000000000000000        629840.25000000000     
  C     99179645184.000000        396718580736.00000        396718580736.00000        99179645184.000000        396718580736.00000     
  D             2           1           3
          54      332766      665532   332750.00000000000        665500.00000000000     
  A      110722229758.00000        442890250000.00000        442889584516.00000     
  B     332742.00000000000        0.0000000000000000        665484.00000000000     
  C     110722562500.00000        442890250000.00000        442890250000.00000        110722562500.00000        442890250000.00000     
  D             2           1           3
          55      351266      702532   351232.00000000000        702464.00000000000     
  A      123363566602.01559        493455671302.33203        493454968856.97809     
  B     351222.08333333331        0.0000000000000000        702444.16666666663     
  C     123363917824.09892        493455671302.33203        493455671301.14478        123363917824.00000        493455671296.00000     
  D             2           1           3
          56      370406      740812   370386.00000000000        740772.00000000000     
  A      137185418617.50000        548743155984.00000        548742415227.00000     
  B     370378.50000000000        0.0000000000000000        740757.00000000000     
  C     137185788996.00000        548743155984.00000        548743155984.00000        137185788996.00000        548743155984.00000     
  D             2           1           3
          57      390226      780452   390224.00000000000        780448.00000000000     
  A      152274379953.87500        609099080704.00000        609098300259.75000     
  B     390222.12500000000        0.0000000000000000        780444.25000000000     
  C     152274770176.00000        609099080704.00000        609099080704.00000        152274770176.00000        609099080704.00000     
  D             2           1           3
          58      410766      821532   410758.00000000000        821516.00000000000     
  A      168721723813.00000        674888538256.00000        674887716754.00000     
  B     410751.00000000000        0.0000000000000000        821502.00000000000     
  C     168722134564.00000        674888538256.00000        674888538256.00000        168722134564.00000        674888538256.00000     
  D             2           1           3
          59      432022      864044   432000.00000000000        864000.00000000000     
  A      186623568006.87500        746496000000.00000        746495136013.75000     
  B     431993.12500000000        0.0000000000000000        863986.25000000000     
  C     186624000000.00000        746496000000.00000        746496000000.00000        186624000000.00000        746496000000.00000     
  D             2           1           3
          60      453986      907972   453962.00000000000        907924.00000000000     
  A      206081043497.00000        824325989776.00000        824325081882.00000     
  B     453947.00000000000        0.0000000000000000        907894.00000000000     
  C     206081497444.00000        824325989776.00000        824325989776.00000        206081497444.00000        824325989776.00000     
  D             2           1           3
          61      476686      953372   476656.00000000000        953312.00000000000     
  A      227200465681.87500        908803769344.00000        908802816035.75000     
  B     476654.12500000000        0.0000000000000000        953308.25000000000     
  C     227200942336.00000        908803769344.00000        908803769344.00000        227200942336.00000        908803769344.00000     
  D             2           1           3
          62      500098     1000196   500094.00000000000        1000188.0000000000     
  A      250093508745.62302        1000376035341.2355        1000375035161.0862     
  B     500090.33333333331        0.0000000000000000        1000180.6666666666     
  C     250094008835.95636        1000376035341.2355        1000376035341.7528        250094008836.00000        1000376035344.0000     
  D             2           1           3
          63      524294     1048588   524288.00000000000        1048576.0000000000     
  A      274877382660.87500        1099511627776.0000        1099510579209.7500     
  B     524283.12500000000        0.0000000000000000        1048566.2500000000     
  C     274877906944.00000        1099511627776.0000        1099511627776.0000        274877906944.00000        1099511627776.0000     
  D             2           1           3
          64      549258     1098516   549250.00000000000        1098500.0000000000     
  A      301675013256.00000        1206702250000.0000        1206701151512.0000     
  B     549244.00000000000        0.0000000000000000        1098488.0000000000     
  C     301675562500.00000        1206702250000.0000        1206702250000.0000        301675562500.00000        1206702250000.0000     
  D             2           1           3
          65      575026     1150052   574992.00000000000        1149984.0000000000     
  A      330615225087.93750        1322463200256.0000        1322462050303.8750     
  B     574976.06250000000        0.0000000000000000        1149952.1250000000     
  C     330615800064.00000        1322463200256.0000        1322463200256.0000        330615800064.00000        1322463200256.0000     
  D             2           1           3
          66      601550     1203100   601526.00000000000        1203052.0000000000     
  A      361832927156.00000        1447334114704.0000        1447332911664.0000     
  B     601520.00000000000        0.0000000000000000        1203040.0000000000     
  C     361833528676.00000        1447334114704.0000        1447334114704.0000        361833528676.00000        1447334114704.0000     
  D             2           1           3
          67      628874     1257748   628864.00000000000        1257728.0000000000     
  A      395469301638.87500        1581879721984.0000        1581878464269.7500     
  B     628857.12500000000        0.0000000000000000        1257714.2500000000     
  C     395469930496.00000        1581879721984.0000        1581879721984.0000        395469930496.00000        1581879721984.0000     
  D             2           1           3
          68      657046     1314092   657018.00000000000        1314036.0000000000     
  A      431671995309.50000        1726690609296.0000        1726689295267.0000     
  B     657014.50000000000        0.0000000000000000        1314029.0000000000     
  C     431672652324.00000        1726690609296.0000        1726690609296.0000        431672652324.00000        1726690609296.0000     
  D             2           1           3
          69      686034     1372068   686000.00000000000        1372000.0000000000     
  A      470595314021.94543        1882383999999.2380        1882382628043.2964     
  B     685978.04166666663        0.0000000000000000        1371956.0833333333     
  C     470595999999.98712        1882383999999.2380        1882383999999.3796        470596000000.00000        1882384000000.0000     
  D             2           1           3
          70      715838     1431676   715822.00000000000        1431644.0000000000     
  A      512400419870.00000        2049604542736.0000        2049603111108.0000     
  B     715814.00000000000        0.0000000000000000        1431628.0000000000     
  C     512401135684.00000        2049604542736.0000        2049604542736.0000        512401135684.00000        2049604542736.0000     
  D             2           1           3
          71      746502     1493004   746496.00000000000        1492992.0000000000     
  A      557255531524.87500        2229025112064.0000        2229023619081.7500     
  B     746491.12500000000        0.0000000000000000        1492982.2500000000     
  C     557256278016.00000        2229025112064.0000        2229025112064.0000        557256278016.00000        2229025112064.0000     
  D             2           1           3
